<?xml version="1.0" encoding="UTF-8"?>
<!-- Generated by org.testng.reporters.JUnitReportReporter -->
<testsuite skipped="1" hostname="DESKTOP-HCFFR5C" name="BDDGroupIID.BDDArtifactID.TestRunnerTestNG" tests="1" failures="0" timestamp="06 Oct 2019 15:14:25 GMT" time="0.794" errors="0">
  <testcase name="run_cukes" time="0.794" classname="BDDGroupIID.BDDArtifactID.TestRunnerTestNG">
    <skipped/>
  </testcase> <!-- run_cukes -->
</testsuite> <!-- BDDGroupIID.BDDArtifactID.TestRunnerTestNG -->
